A D/addressbook////
A D/admin////
A D/calendar////
A D/email////
A D/etemplate////
A D/infolog////
A D/phpgwapi////
A D/preferences////
A D/setup////
A D/backup////
A D/bookmarks////
A D/comic////
A D/developer_tools////
A D/emailadmin////
A D/felamimail////
A D/filemanager////
A D/ftp////
A D/forum////
A D/fudforum////
A D/headlines////
A D/jinn////
A D/manual////
A D/messenger////
A D/news_admin////
A D/phpbrain////
A D/phpldapadmin////
A D/phpsysinfo////
A D/polls////
A D/projects////
A D/registration////
A D/sitemgr////
A D/stocks////
A D/tts////
A D/wiki////
A D/workflow////
R D/workflow////
